#
# There is insufficient memory for the Java Runtime Environment to continue.
# Native memory allocation (mmap) failed to map 134217728 bytes for G1 virtual space
# Possible reasons:
#   The system is out of physical RAM or swap space
#   The process is running with CompressedOops enabled, and the Java Heap may be blocking the growth of the native heap
# Possible solutions:
#   Reduce memory load on the system
#   Increase physical memory or swap space
#   Check if swap backing store is full
#   Decrease Java heap size (-Xmx/-Xms)
#   Decrease number of Java threads
#   Decrease Java thread stack sizes (-Xss)
#   Set larger code cache with -XX:ReservedCodeCacheSize=
#   JVM is running with Unscaled Compressed Oops mode in which the Java heap is
#     placed in the first 4GB address space. The Java Heap base address is the
#     maximum limit for the native heap growth. Please use -XX:HeapBaseMinAddress
#     to set the Java Heap base and to place the Java Heap above 4GB virtual address.
# This output file may be truncated or incomplete.
#
#  Out of Memory Error (os_windows.cpp:3548), pid=13396, tid=10140
#
# JRE version:  (17.0.10+11) (build )
# Java VM: Java HotSpot(TM) 64-Bit Server VM (17.0.10+11-LTS-240, mixed mode, emulated-client, sharing, tiered, compressed oops, compressed class ptrs, g1 gc, windows-amd64)
# No core dump will be written. Minidumps are not enabled by default on client versions of Windows
#

---------------  S U M M A R Y ------------

Command Line: -XX:TieredStopAtLevel=1 -Dspring.output.ansi.enabled=always -Dcom.sun.management.jmxremote -Dspring.jmx.enabled=true -Dspring.liveBeansView.mbeanDomain -Dspring.application.admin.enabled=true -Dmanagement.endpoints.jmx.exposure.include=* -javaagent:C:\Program Files\JetBrains\IntelliJ IDEA 2023.3.5\lib\idea_rt.jar=61395:C:\Program Files\JetBrains\IntelliJ IDEA 2023.3.5\bin -Dfile.encoding=UTF-8 com.metlife.HotelServiceRegistryApplication

Host: Intel(R) Core(TM) i5-7300U CPU @ 2.60GHz, 4 cores, 7G,  Windows 10 , 64 bit Build 19041 (10.0.19041.3636)
Time: Fri Apr 12 18:03:07 2024 India Standard Time elapsed time: 0.023726 seconds (0d 0h 0m 0s)

---------------  T H R E A D  ---------------

Current thread (0x0000029918fd7420):  JavaThread "Unknown thread" [_thread_in_vm, id=10140, stack(0x000000a0b0b00000,0x000000a0b0c00000)]

Stack: [0x000000a0b0b00000,0x000000a0b0c00000]
Native frames: (J=compiled Java code, j=interpreted, Vv=VM code, C=native code)
V  [jvm.dll+0x677a5a]
V  [jvm.dll+0x7d8b2d]
V  [jvm.dll+0x7da48e]
V  [jvm.dll+0x7daaf3]
V  [jvm.dll+0x2455ff]
V  [jvm.dll+0x6749b9]
V  [jvm.dll+0x669382]
V  [jvm.dll+0x302e96]
V  [jvm.dll+0x30a416]
V  [jvm.dll+0x359cbe]
V  [jvm.dll+0x359eef]
V  [jvm.dll+0x2d9e88]
V  [jvm.dll+0x2dadf4]
V  [jvm.dll+0x7aa551]
V  [jvm.dll+0x367911]
V  [jvm.dll+0x789639]
V  [jvm.dll+0x3eb30f]
V  [jvm.dll+0x3ecd91]
C  [jli.dll+0x5297]
C  [ucrtbase.dll+0x21bb2]
C  [KERNEL32.DLL+0x17344]
C  [ntdll.dll+0x526b1]


---------------  P R O C E S S  ---------------

Threads class SMR info:
_java_thread_list=0x00007fff9a386a18, length=0, elements={
}

Java Threads: ( => current thread )

Other Threads:
  0x0000029919030d00 GCTaskThread "GC Thread#0" [stack: 0x000000a0b0c00000,0x000000a0b0d00000] [id=9980]
  0x00000299190427f0 ConcurrentGCThread "G1 Main Marker" [stack: 0x000000a0b0d00000,0x000000a0b0e00000] [id=8468]
  0x0000029919043110 ConcurrentGCThread "G1 Conc#0" [stack: 0x000000a0b0e00000,0x000000a0b0f00000] [id=10980]

[error occurred during error reporting (printing all threads), id 0xc0000005, EXCEPTION_ACCESS_VIOLATION (0xc0000005) at pc=0x00007fff99bbaae7]

VM state: not at safepoint (not fully initialized)

VM Mutex/Monitor currently owned by a thread:  ([mutex/lock_event])
[0x0000029918fd3920] Heap_lock - owner thread: 0x0000029918fd7420

Heap address: 0x0000000081c00000, size: 2020 MB, Compressed Oops mode: 32-bit

CDS archive(s) mapped at: [0x0000000000000000-0x0000000000000000-0x0000000000000000), size 0, SharedBaseAddress: 0x0000000800000000, ArchiveRelocationMode: 1.
Narrow klass base: 0x0000000000000000, Narrow klass shift: 0, Narrow klass range: 0x0

GC Precious Log:
<Empty>

Heap:
 garbage-first heap   total 0K, used 0K [0x0000000081c00000, 0x0000000100000000)
  region size 1024K, 0 young (0K), 0 survivors (0K)

[error occurred during error reporting (printing heap information), id 0xc0000005, EXCEPTION_ACCESS_VIOLATION (0xc0000005) at pc=0x00007fff99fa1249]

GC Heap History (0 events):
No events

Deoptimization events (0 events):
No events

Classes unloaded (0 events):
No events

Classes redefined (0 events):
No events

Internal exceptions (0 events):
No events

VM Operations (0 events):
No events

Events (1 events):
Event: 0.019 Loaded shared library C:\Program Files\Java\jdk-17\bin\java.dll


Dynamic libraries:
0x00007ff65cc50000 - 0x00007ff65cc60000 	C:\Program Files\Java\jdk-17\bin\java.exe
0x00007fffda450000 - 0x00007fffda648000 	C:\Windows\SYSTEM32\ntdll.dll
0x00007fffda350000 - 0x00007fffda40d000 	C:\Windows\System32\KERNEL32.DLL
0x00007fffd7d90000 - 0x00007fffd8086000 	C:\Windows\System32\KERNELBASE.dll
0x00007fffd8310000 - 0x00007fffd8410000 	C:\Windows\System32\ucrtbase.dll
0x00007fffd4f80000 - 0x00007fffd4f9b000 	C:\Program Files\Java\jdk-17\bin\VCRUNTIME140.dll
0x00007fffd19d0000 - 0x00007fffd19e9000 	C:\Program Files\Java\jdk-17\bin\jli.dll
0x00007fffd8520000 - 0x00007fffd85d0000 	C:\Windows\System32\ADVAPI32.dll
0x00007fffd8480000 - 0x00007fffd851e000 	C:\Windows\System32\msvcrt.dll
0x00007fffd9e30000 - 0x00007fffd9ed0000 	C:\Windows\System32\sechost.dll
0x00007fffd8890000 - 0x00007fffd89b5000 	C:\Windows\System32\RPCRT4.dll
0x00007fffd82e0000 - 0x00007fffd8307000 	C:\Windows\System32\bcrypt.dll
0x00007fffd8e10000 - 0x00007fffd8fae000 	C:\Windows\System32\USER32.dll
0x00007fffd82b0000 - 0x00007fffd82d2000 	C:\Windows\System32\win32u.dll
0x00007fffd8b00000 - 0x00007fffd8b2b000 	C:\Windows\System32\GDI32.dll
0x00007fffd8090000 - 0x00007fffd81a7000 	C:\Windows\System32\gdi32full.dll
0x00007fffd7b00000 - 0x00007fffd7b9d000 	C:\Windows\System32\msvcp_win.dll
0x00007fffc5630000 - 0x00007fffc58ca000 	C:\Windows\WinSxS\amd64_microsoft.windows.common-controls_6595b64144ccf1df_6.0.19041.3636_none_60b6a03d71f818d5\COMCTL32.dll
0x00007fffcf8f0000 - 0x00007fffcf8fa000 	C:\Windows\SYSTEM32\VERSION.dll
0x00007fffd90c0000 - 0x00007fffd90f2000 	C:\Windows\System32\IMM32.DLL
0x00007fffd1ed0000 - 0x00007fffd1edc000 	C:\Program Files\Java\jdk-17\bin\vcruntime140_1.dll
0x00007fffd0210000 - 0x00007fffd029e000 	C:\Program Files\Java\jdk-17\bin\msvcp140.dll
0x00007fff998d0000 - 0x00007fff9a4af000 	C:\Program Files\Java\jdk-17\bin\server\jvm.dll
0x00007fffd9ed0000 - 0x00007fffd9ed8000 	C:\Windows\System32\PSAPI.DLL
0x00007fffd0200000 - 0x00007fffd0209000 	C:\Windows\SYSTEM32\WSOCK32.dll
0x00007fffc2db0000 - 0x00007fffc2dd7000 	C:\Windows\SYSTEM32\WINMM.dll
0x00007fffd9460000 - 0x00007fffd94cb000 	C:\Windows\System32\WS2_32.dll
0x00007fffd6340000 - 0x00007fffd6352000 	C:\Windows\SYSTEM32\kernel.appcore.dll
0x00007fffd19c0000 - 0x00007fffd19ca000 	C:\Program Files\Java\jdk-17\bin\jimage.dll
0x00007fffd5740000 - 0x00007fffd5924000 	C:\Windows\SYSTEM32\DBGHELP.DLL
0x00007fffbfdf0000 - 0x00007fffbfe24000 	C:\Windows\SYSTEM32\dbgcore.DLL
0x00007fffd7ba0000 - 0x00007fffd7c22000 	C:\Windows\System32\bcryptPrimitives.dll
0x00007fffd4fa0000 - 0x00007fffd4fae000 	C:\Program Files\Java\jdk-17\bin\instrument.dll
0x00007fffd18f0000 - 0x00007fffd1915000 	C:\Program Files\Java\jdk-17\bin\java.dll

dbghelp: loaded successfully - version: 4.0.5 - missing functions: none
symbol engine: initialized successfully - sym options: 0x614 - pdb path: .;C:\Program Files\Java\jdk-17\bin;C:\Windows\SYSTEM32;C:\Windows\WinSxS\amd64_microsoft.windows.common-controls_6595b64144ccf1df_6.0.19041.3636_none_60b6a03d71f818d5;C:\Program Files\Java\jdk-17\bin\server

VM Arguments:
jvm_args: -XX:TieredStopAtLevel=1 -Dspring.output.ansi.enabled=always -Dcom.sun.management.jmxremote -Dspring.jmx.enabled=true -Dspring.liveBeansView.mbeanDomain -Dspring.application.admin.enabled=true -Dmanagement.endpoints.jmx.exposure.include=* -javaagent:C:\Program Files\JetBrains\IntelliJ IDEA 2023.3.5\lib\idea_rt.jar=61395:C:\Program Files\JetBrains\IntelliJ IDEA 2023.3.5\bin -Dfile.encoding=UTF-8 
java_command: com.metlife.HotelServiceRegistryApplication
java_class_path (initial): D:\rahul\HOTEL-SERVICE-REGISTRY\target\classes;C:\Users\Yadav\.m2\repository\org\springframework\cloud\spring-cloud-starter-netflix-eureka-server\4.1.1\spring-cloud-starter-netflix-eureka-server-4.1.1.jar;C:\Users\Yadav\.m2\repository\org\springframework\cloud\spring-cloud-starter\4.1.2\spring-cloud-starter-4.1.2.jar;C:\Users\Yadav\.m2\repository\org\springframework\cloud\spring-cloud-context\4.1.2\spring-cloud-context-4.1.2.jar;C:\Users\Yadav\.m2\repository\org\springframework\security\spring-security-crypto\6.2.3\spring-security-crypto-6.2.3.jar;C:\Users\Yadav\.m2\repository\org\springframework\cloud\spring-cloud-commons\4.1.2\spring-cloud-commons-4.1.2.jar;C:\Users\Yadav\.m2\repository\org\springframework\security\spring-security-rsa\1.1.2\spring-security-rsa-1.1.2.jar;C:\Users\Yadav\.m2\repository\org\bouncycastle\bcprov-jdk18on\1.77\bcprov-jdk18on-1.77.jar;C:\Users\Yadav\.m2\repository\org\springframework\cloud\spring-cloud-netflix-eureka-server\4.1.1\spring-cloud-netflix-eureka-server-4.1.1.jar;C:\Users\Yadav\.m2\repository\org\springframework\boot\spring-boot-starter-web\3.2.4\spring-boot-starter-web-3.2.4.jar;C:\Users\Yadav\.m2\repository\org\springframework\boot\spring-boot-starter-json\3.2.4\spring-boot-starter-json-3.2.4.jar;C:\Users\Yadav\.m2\repository\com\fasterxml\jackson\datatype\jackson-datatype-jdk8\2.15.4\jackson-datatype-jdk8-2.15.4.jar;C:\Users\Yadav\.m2\repository\com\fasterxml\jackson\datatype\jackson-datatype-jsr310\2.15.4\jackson-datatype-jsr310-2.15.4.jar;C:\Users\Yadav\.m2\repository\com\fasterxml\jackson\module\jackson-module-parameter-names\2.15.4\jackson-module-parameter-names-2.15.4.jar;C:\Users\Yadav\.m2\repository\org\springframework\boot\spring-boot-starter-tomcat\3.2.4\spring-boot-starter-tomcat-3.2.4.jar;C:\Users\Yadav\.m2\repository\org\apache\tomcat\embed\tomcat-embed-core\10.1.19\tomcat-embed-core-10.1.19.jar;C:\Users\Yadav\.m2\repository\org\apache\tomcat\embed\tomcat-embed-el\10.1.19\tomcat-embed-
Launcher Type: SUN_STANDARD

[Global flags]
     intx CICompilerCount                          = 3                                         {product} {ergonomic}
     uint ConcGCThreads                            = 1                                         {product} {ergonomic}
     uint G1ConcRefinementThreads                  = 4                                         {product} {ergonomic}
   size_t G1HeapRegionSize                         = 1048576                                   {product} {ergonomic}
    uintx GCDrainStackTargetSize                   = 64                                        {product} {ergonomic}
   size_t InitialHeapSize                          = 134217728                                 {product} {ergonomic}
     bool ManagementServer                         = true                                      {product} {command line}
   size_t MarkStackSize                            = 4194304                                   {product} {ergonomic}
   size_t MaxHeapSize                              = 2118123520                                {product} {ergonomic}
   size_t MinHeapDeltaBytes                        = 1048576                                   {product} {ergonomic}
   size_t MinHeapSize                              = 8388608                                   {product} {ergonomic}
    uintx NonProfiledCodeHeapSize                  = 0                                      {pd product} {ergonomic}
     bool ProfileInterpreter                       = false                                  {pd product} {command line}
    uintx ProfiledCodeHeapSize                     = 0                                      {pd product} {ergonomic}
   size_t SoftMaxHeapSize                          = 2118123520                             {manageable} {ergonomic}
     intx TieredStopAtLevel                        = 1                                         {product} {command line}
     bool UseCompressedClassPointers               = true                           {product lp64_product} {ergonomic}
     bool UseCompressedOops                        = true                           {product lp64_product} {ergonomic}
     bool UseG1GC                                  = true                                      {product} {ergonomic}
     bool UseLargePagesIndividualAllocation        = false                                  {pd product} {ergonomic}

Logging:
Log output configuration:
 #0: stdout all=warning uptime,level,tags
 #1: stderr all=off uptime,level,tags

Environment Variables:
PATH=C:\Program Files\OpenJDK\jdk-8.0.282.08-hotspot\bin;C:\Python312\Scripts\;C:\Python312\;C:\Program Files\Common Files\Oracle\Java\javapath;C:\Program Files (x86)\Common Files\Oracle\Java\javapath;C:\Windows\system32;C:\Windows;C:\Windows\System32\Wbem;C:\Windows\System32\WindowsPowerShell\v1.0\;C:\Windows\System32\OpenSSH\;C:\ProgramData\chocolatey\bin;C:\Program Files\Git\cmd;C:\Program Files\nodejs\;C:\Program Files\MySQL\MySQL Shell 8.0\bin\;C:\Users\Yadav\AppData\Local\Microsoft\WindowsApps;C:\Users\Yadav\AppData\Local\Programs\Microsoft VS Code\bin;C:\Users\Yadav\AppData\Roaming\npm
USERNAME=Yadav
OS=Windows_NT
PROCESSOR_IDENTIFIER=Intel64 Family 6 Model 142 Stepping 9, GenuineIntel



---------------  S Y S T E M  ---------------

OS:
 Windows 10 , 64 bit Build 19041 (10.0.19041.3636)
OS uptime: 5 days 9:12 hours

CPU: total 4 (initial active 4) (2 cores per cpu, 2 threads per core) family 6 model 142 stepping 9 microcode 0xf0, cx8, cmov, fxsr, ht, mmx, 3dnowpref, sse, sse2, sse3, ssse3, sse4.1, sse4.2, popcnt, lzcnt, tsc, tscinvbit, avx, avx2, aes, erms, clmul, bmi1, bmi2, rtm, adx, fma, vzeroupper, clflush, clflushopt

Memory: 4k page, system-wide physical 8073M (616M free)
TotalPageFile size 10102M (AvailPageFile size 112M)
current process WorkingSet (physical memory assigned to process): 10M, peak: 10M
current process commit charge ("private bytes"): 47M, peak: 174M

vm_info: Java HotSpot(TM) 64-Bit Server VM (17.0.10+11-LTS-240) for windows-amd64 JRE (17.0.10+11-LTS-240), built on Dec 19 2023 21:47:25 by "mach5one" with MS VC++ 17.1 (VS2022)

END.
